Using pre-set license
Built from '2020.3/staging' branch; Version is '2020.3.5f1 (8095aa901b9b) revision 8426922'; Using compiler version '192528614'; Build Type 'Release'
OS: 'Windows 10 Home Single Language; OS build 19042.1288; Version 2009; 64bit' Language: 'en' Physical Memory: 3998 MB
BatchMode: 1, IsHumanControllingUs: 0, StartBugReporterOnCrash: 0, Is64bit: 1, IsPro: 0

 COMMAND LINE ARGUMENTS:
D:\UnityEditior\2020.3.5f1\Editor\Unity.exe
-adb2
-batchMode
-noUpm
-name
AssetImportWorker7
-projectPath
D:/Unity - Work/Nft Practice
-logFile
Logs/AssetImportWorker7.log
-srvPort
61386
Successfully changed project path to: D:/Unity - Work/Nft Practice
D:/Unity - Work/Nft Practice
Using Asset Import Pipeline V2.
Refreshing native plugins compatible for Editor in 68.34 ms, found 1 plugins.
Preloading 0 native plugins for Editor in 0.00 ms.
Initialize engine version: 2020.3.5f1 (8095aa901b9b)
[Subsystems] Discovering subsystems at path D:/UnityEditior/2020.3.5f1/Editor/Data/Resources/UnitySubsystems
[Subsystems] Discovering subsystems at path D:/Unity - Work/Nft Practice/Assets
GfxDevice: creating device client; threaded=0
Direct3D:
    Version:  Direct3D 11.0 [level 11.0]
    Renderer: Intel(R) HD Graphics 4000 (ID=0x166)
    Vendor:   
    VRAM:     128 MB
    Driver:   10.18.10.4358
Initialize mono
Mono path[0] = 'D:/UnityEditior/2020.3.5f1/Editor/Data/Managed'
Mono path[1] = 'D:/UnityEditior/2020.3.5f1/Editor/Data/MonoBleedingEdge/lib/mono/unityjit'
Mono config path = 'D:/UnityEditior/2020.3.5f1/Editor/Data/MonoBleedingEdge/etc'
Using monoOptions --debugger-agent=transport=dt_socket,embedding=1,server=y,suspend=n,address=127.0.0.1:56396
Begin MonoManager ReloadAssembly
Registering precompiled unity dll's ...
Register platform support module: D:/UnityEditior/2020.3.5f1/Editor/Data/PlaybackEngines/WebGLSupport/UnityEditor.WebGL.Extensions.dll
Register platform support module: D:/UnityEditior/2020.3.5f1/Editor/Data/PlaybackEngines/WindowsStandaloneSupport/UnityEditor.WindowsStandalone.Extensions.dll
Registered in 0.001871 seconds.
Native extension for WindowsStandalone target not found
Native extension for WebGL target not found
Refreshing native plugins compatible for Editor in 88.80 ms, found 1 plugins.
Preloading 0 native plugins for Editor in 0.00 ms.
Mono: successfully reloaded assembly
- Completed reload, in  2.977 seconds
Platform modules already initialized, skipping
Registering precompiled user dll's ...
Registered in 0.008728 seconds.
Begin MonoManager ReloadAssembly
Native extension for WindowsStandalone target not found
Native extension for WebGL target not found
Refreshing native plugins compatible for Editor in 102.79 ms, found 1 plugins.
Preloading 0 native plugins for Editor in 0.00 ms.
Mono: successfully reloaded assembly
- Completed reload, in  4.025 seconds
Platform modules already initialized, skipping
========================================================================
Worker process is ready to serve import requests
Launched and connected shader compiler UnityShaderCompiler.exe after 0.71 seconds
Refreshing native plugins compatible for Editor in 0.83 ms, found 1 plugins.
Preloading 0 native plugins for Editor in 0.00 ms.
Unloading 1857 Unused Serialized files (Serialized files now loaded: 0)
System memory in use before: 86.3 MB.
System memory in use after: 86.2 MB.

Unloading 28 unused Assets to reduce memory usage. Loaded Objects now: 2297.
Total: 5.149600 ms (FindLiveObjects: 0.310600 ms CreateObjectMapping: 0.246800 ms MarkObjects: 4.288200 ms  DeleteObjects: 0.300700 ms)

========================================================================
Received Import Request.
  path: Assets/WebGLTemplates/Web3GL-2020/network.js
  artifactKey: Guid(f21662b9fefb946248f9da9e90bdd57f) Importer(815301076,1909f56bfc062723c751e8b465ee728b)
Start importing Assets/WebGLTemplates/Web3GL-2020/network.js using Guid(f21662b9fefb946248f9da9e90bdd57f) Importer(815301076,1909f56bfc062723c751e8b465ee728b)  -> (artifact id: '834a0eb275701606c95fdb5eb4e52604') in 0.178244 seconds
  Import took 0.213352 seconds .

========================================================================
Received Import Request.
  Time since last request: 104.842185 seconds.
  path: Assets/WebGLTemplates/Web3GL-2020/network.js
  artifactKey: Guid(f21662b9fefb946248f9da9e90bdd57f) Importer(815301076,1909f56bfc062723c751e8b465ee728b)
Start importing Assets/WebGLTemplates/Web3GL-2020/network.js using Guid(f21662b9fefb946248f9da9e90bdd57f) Importer(815301076,1909f56bfc062723c751e8b465ee728b)  -> (artifact id: '1072f0244776f383e14637fd7873a7f1') in 0.123103 seconds
  Import took 0.432812 seconds .

========================================================================
Received Import Request.
  Time since last request: 19.122069 seconds.
  path: Assets/Scenes/SampleScene.unity
  artifactKey: Guid(2cda990e2423bbf4892e6590ba056729) Importer(815301076,1909f56bfc062723c751e8b465ee728b)
Start importing Assets/Scenes/SampleScene.unity using Guid(2cda990e2423bbf4892e6590ba056729) Importer(815301076,1909f56bfc062723c751e8b465ee728b)  -> (artifact id: 'c43d98e442786dce031f16acfc823dfb') in 0.159522 seconds
  Import took 0.263398 seconds .

========================================================================
Received Prepare
Refreshing native plugins compatible for Editor in 198.11 ms, found 1 plugins.
Preloading 0 native plugins for Editor in 0.00 ms.
Unloading 14 Unused Serialized files (Serialized files now loaded: 0)
System memory in use before: 49.7 MB.
System memory in use after: 49.7 MB.

Unloading 14 unused Assets to reduce memory usage. Loaded Objects now: 2297.
Total: 427.863300 ms (FindLiveObjects: 1.828000 ms CreateObjectMapping: 0.220800 ms MarkObjects: 413.328600 ms  DeleteObjects: 9.309100 ms)

========================================================================
Received Prepare
Registering precompiled user dll's ...
Registered in 0.127290 seconds.
Begin MonoManager ReloadAssembly
Native extension for WindowsStandalone target not found
Native extension for WebGL target not found
Refreshing native plugins compatible for Editor in 0.84 ms, found 1 plugins.
Preloading 0 native plugins for Editor in 0.00 ms.
Mono: successfully reloaded assembly
- Completed reload, in  4.997 seconds
Platform modules already initialized, skipping
Refreshing native plugins compatible for Editor in 1.50 ms, found 1 plugins.
Preloading 0 native plugins for Editor in 0.00 ms.
Unloading 1852 Unused Serialized files (Serialized files now loaded: 0)
System memory in use before: 86.2 MB.
System memory in use after: 86.2 MB.

Unloading 16 unused Assets to reduce memory usage. Loaded Objects now: 2301.
Total: 143.110400 ms (FindLiveObjects: 13.305400 ms CreateObjectMapping: 0.216000 ms MarkObjects: 123.794300 ms  DeleteObjects: 5.791400 ms)

========================================================================
Received Prepare
Registering precompiled user dll's ...
Registered in 0.016237 seconds.
Begin MonoManager ReloadAssembly
Native extension for WindowsStandalone target not found
Native extension for WebGL target not found
Refreshing native plugins compatible for Editor in 58.64 ms, found 1 plugins.
Preloading 0 native plugins for Editor in 0.00 ms.
Mono: successfully reloaded assembly
- Completed reload, in 11.458 seconds
Platform modules already initialized, skipping
Refreshing native plugins compatible for Editor in 0.90 ms, found 1 plugins.
Preloading 0 native plugins for Editor in 0.00 ms.
Unloading 1852 Unused Serialized files (Serialized files now loaded: 0)
System memory in use before: 86.3 MB.
System memory in use after: 86.3 MB.

Unloading 16 unused Assets to reduce memory usage. Loaded Objects now: 2305.
Total: 267.809000 ms (FindLiveObjects: 31.324100 ms CreateObjectMapping: 0.269100 ms MarkObjects: 185.630600 ms  DeleteObjects: 50.580600 ms)

========================================================================
Received Prepare
Refreshing native plugins compatible for Editor in 5.85 ms, found 1 plugins.
Preloading 0 native plugins for Editor in 0.00 ms.
Unloading 14 Unused Serialized files (Serialized files now loaded: 0)
System memory in use before: 49.9 MB.
System memory in use after: 49.9 MB.

Unloading 14 unused Assets to reduce memory usage. Loaded Objects now: 2305.
Total: 3.790500 ms (FindLiveObjects: 0.223000 ms CreateObjectMapping: 0.094600 ms MarkObjects: 3.268400 ms  DeleteObjects: 0.201200 ms)

========================================================================
Received Prepare
Refreshing native plugins compatible for Editor in 8.99 ms, found 1 plugins.
Preloading 0 native plugins for Editor in 0.00 ms.
Unloading 14 Unused Serialized files (Serialized files now loaded: 0)
System memory in use before: 49.9 MB.
System memory in use after: 49.9 MB.

Unloading 14 unused Assets to reduce memory usage. Loaded Objects now: 2305.
Total: 273.497500 ms (FindLiveObjects: 2.976900 ms CreateObjectMapping: 0.280300 ms MarkObjects: 247.514100 ms  DeleteObjects: 9.613300 ms)

AssetImportWorkerClient::OnTransportError - code=2 error=End of file
